<?xml version="1.0" encoding="UTF-8"?>
<!-- Generated by org.testng.reporters.JUnitReportReporter -->
<testsuite skipped="0" hostname="RajuV01" name="practice.Test1" tests="1" failures="0" timestamp="27 Mar 2019 09:42:09 GMT" time="6.115" errors="0">
  <testcase name="test112" time="6.115" classname="practice.Test1"/>
</testsuite> <!-- practice.Test1 -->
